-------------------------------------------------------------------------------
Test set: com.example.telegrambothungmb.TelegramBotHungmbApplicationTests
-------------------------------------------------------------------------------
Tests run: 1, Failures: 0, Errors: 1, Skipped: 0, Time elapsed: 1.805 s <<< FAILURE! - in com.example.telegrambothungmb.TelegramBotHungmbApplicationTests
contextLoads  Time elapsed: 0.001 s  <<< ERROR!
java.lang.IllegalStateException: Failed to load ApplicationContext
Caused by: org.springframework.beans.factory.BeanCreationException: 
Error creating bean with name 'requestMappingHandlerMapping' defined in class path resource [org/springframework/boot/autoconfigure/web/servlet/WebMvcAutoConfiguration$EnableWebMvcConfiguration.class]: Invocation of init method failed; nested exception is java.lang.IllegalStateException: Ambiguous mapping. Cannot map 'botController' method 
com.example.telegrambothungmb.controller.BotController#test()
to {GET []}: There is already 'botController' bean method
com.example.telegrambothungmb.controller.BotController#getUpdate() mapped.
Caused by: java.lang.IllegalStateException: 
Ambiguous mapping. Cannot map 'botController' method 
com.example.telegrambothungmb.controller.BotController#test()
to {GET []}: There is already 'botController' bean method
com.example.telegrambothungmb.controller.BotController#getUpdate() mapped.

